0 info it worked if it ends with ok
1 verbose cli [ '/usr/local/bin/node', '/usr/local/bin/npm', 'run', 'dev' ]
2 info using npm@3.7.1
3 info using node@v5.4.1
4 verbose run-script [ 'predev', 'dev', 'postdev' ]
5 info lifecycle angular2-universal-starter@0.5.0~predev: angular2-universal-starter@0.5.0
6 silly lifecycle angular2-universal-starter@0.5.0~predev: no script for predev, continuing
7 info lifecycle angular2-universal-starter@0.5.0~dev: angular2-universal-starter@0.5.0
8 verbose lifecycle angular2-universal-starter@0.5.0~dev: unsafe-perm in lifecycle true
9 verbose lifecycle angular2-universal-starter@0.5.0~dev: PATH: /usr/local/lib/node_modules/npm/bin/node-gyp-bin:/Users/apiercey/DemoProjects/angular2/node_modules/.bin:/usr/local/bin:/Users/apiercey/.rvm/gems/ruby-1.9.3-p551/bin:/Users/apiercey/.rvm/gems/ruby-1.9.3-p551@global/bin:/Users/apiercey/.rvm/rubies/ruby-1.9.3-p551/bin:/Users/apiercey/Library/Android/sdk/tools:/Users/apiercey/Library/Android/sdk/platform-tools:/Applications/Postgres.app/Contents/Versions/9.4/bin:/Users/apiercey/.rvm/bin:/usr/local/bin:/usr/bin:/bin:/usr/sbin:/sbin:/opt/X11/bin:/usr/local/git/bin:/opt/ImageMagick/bin
10 verbose lifecycle angular2-universal-starter@0.5.0~dev: CWD: /Users/apiercey/DemoProjects/angular2
11 silly lifecycle angular2-universal-starter@0.5.0~dev: Args: [ '-c', 'node tools/dev.js' ]
12 silly lifecycle angular2-universal-starter@0.5.0~dev: Returned: code: 1  signal: null
13 info lifecycle angular2-universal-starter@0.5.0~dev: Failed to exec dev script
14 verbose stack Error: angular2-universal-starter@0.5.0 dev: `node tools/dev.js`
14 verbose stack Exit status 1
14 verbose stack     at EventEmitter.<anonymous> (/usr/local/lib/node_modules/npm/lib/utils/lifecycle.js:239:16)
14 verbose stack     at emitTwo (events.js:87:13)
14 verbose stack     at EventEmitter.emit (events.js:172:7)
14 verbose stack     at ChildProcess.<anonymous> (/usr/local/lib/node_modules/npm/lib/utils/spawn.js:24:14)
14 verbose stack     at emitTwo (events.js:87:13)
14 verbose stack     at ChildProcess.emit (events.js:172:7)
14 verbose stack     at maybeClose (internal/child_process.js:821:16)
14 verbose stack     at Process.ChildProcess._handle.onexit (internal/child_process.js:211:5)
15 verbose pkgid angular2-universal-starter@0.5.0
16 verbose cwd /Users/apiercey/DemoProjects/angular2
17 error Darwin 14.1.0
18 error argv "/usr/local/bin/node" "/usr/local/bin/npm" "run" "dev"
19 error node v5.4.1
20 error npm  v3.7.1
21 error code ELIFECYCLE
22 error angular2-universal-starter@0.5.0 dev: `node tools/dev.js`
22 error Exit status 1
23 error Failed at the angular2-universal-starter@0.5.0 dev script 'node tools/dev.js'.
23 error Make sure you have the latest version of node.js and npm installed.
23 error If you do, this is most likely a problem with the angular2-universal-starter package,
23 error not with npm itself.
23 error Tell the author that this fails on your system:
23 error     node tools/dev.js
23 error You can get information on how to open an issue for this project with:
23 error     npm bugs angular2-universal-starter
23 error Or if that isn't available, you can get their info via:
23 error     npm owner ls angular2-universal-starter
23 error There is likely additional logging output above.
24 verbose exit [ 1, true ]
