

Started GET "/" for 127.0.0.1 at 2016-02-18 12:22:32 +0100

ActiveRecord::NoDatabaseError (FATAL:  role "jim" does not exist
Run `$ bin/rake db:create db:migrate` to create your database):
  activerecord (4.1.8) lib/active_record/connection_adapters/postgresql_adapter.rb:898:in `rescue in connect'
  activerecord (4.1.8) lib/active_record/connection_adapters/postgresql_adapter.rb:888:in `connect'
  activerecord (4.1.8) lib/active_record/connection_adapters/postgresql_adapter.rb:568:in `initialize'
  activerecord (4.1.8) lib/active_record/connection_adapters/postgresql_adapter.rb:41:in `new'
  activerecord (4.1.8) lib/active_record/connection_adapters/postgresql_adapter.rb:41:in `postgresql_connection'
  activerecord (4.1.8) lib/active_record/connection_adapters/abstract/connection_pool.rb:435:in `new_connection'
  activerecord (4.1.8) lib/active_record/connection_adapters/abstract/connection_pool.rb:445:in `checkout_new_connection'
  activerecord (4.1.8) lib/active_record/connection_adapters/abstract/connection_pool.rb:416:in `acquire_connection'
  activerecord (4.1.8) lib/active_record/connection_adapters/abstract/connection_pool.rb:351:in `block in checkout'
  /Users/apiercey/.rvm/rubies/ruby-2.2.2/lib/ruby/2.2.0/monitor.rb:211:in `mon_synchronize'
  activerecord (4.1.8) lib/active_record/connection_adapters/abstract/connection_pool.rb:350:in `checkout'
  activerecord (4.1.8) lib/active_record/connection_adapters/abstract/connection_pool.rb:265:in `block in connection'
  /Users/apiercey/.rvm/rubies/ruby-2.2.2/lib/ruby/2.2.0/monitor.rb:211:in `mon_synchronize'
  activerecord (4.1.8) lib/active_record/connection_adapters/abstract/connection_pool.rb:264:in `connection'
  activerecord (4.1.8) lib/active_record/connection_adapters/abstract/connection_pool.rb:541:in `retrieve_connection'
  activerecord (4.1.8) lib/active_record/connection_handling.rb:113:in `retrieve_connection'
  activerecord (4.1.8) lib/active_record/connection_handling.rb:87:in `connection'
  activerecord (4.1.8) lib/active_record/migration.rb:388:in `check_pending!'
  activerecord (4.1.8) lib/active_record/migration.rb:377:in `call'
  actionpack (4.1.8) lib/action_dispatch/middleware/callbacks.rb:29:in `block in call'
  activesupport (4.1.8) lib/active_support/callbacks.rb:82:in `run_callbacks'
  actionpack (4.1.8) lib/action_dispatch/middleware/callbacks.rb:27:in `call'
  actionpack (4.1.8) lib/action_dispatch/middleware/reloader.rb:73:in `call'
  actionpack (4.1.8) lib/action_dispatch/middleware/remote_ip.rb:76:in `call'
  actionpack (4.1.8) lib/action_dispatch/middleware/debug_exceptions.rb:17:in `call'
  actionpack (4.1.8) lib/action_dispatch/middleware/show_exceptions.rb:30:in `call'
  railties (4.1.8) lib/rails/rack/logger.rb:38:in `call_app'
  railties (4.1.8) lib/rails/rack/logger.rb:20:in `block in call'
  activesupport (4.1.8) lib/active_support/tagged_logging.rb:68:in `block in tagged'
  activesupport (4.1.8) lib/active_support/tagged_logging.rb:26:in `tagged'
  activesupport (4.1.8) lib/active_support/tagged_logging.rb:68:in `tagged'
  railties (4.1.8) lib/rails/rack/logger.rb:20:in `call'
  actionpack (4.1.8) lib/action_dispatch/middleware/request_id.rb:21:in `call'
  rack (1.5.2) lib/rack/methodoverride.rb:21:in `call'
  rack (1.5.2) lib/rack/runtime.rb:17:in `call'
  activesupport (4.1.8) lib/active_support/cache/strategy/local_cache_middleware.rb:26:in `call'
  rack (1.5.2) lib/rack/lock.rb:17:in `call'
  actionpack (4.1.8) lib/action_dispatch/middleware/static.rb:84:in `call'
  rack (1.5.2) lib/rack/sendfile.rb:112:in `call'
  rack-cors (0.2.9) lib/rack/cors.rb:54:in `call'
  railties (4.1.8) lib/rails/engine.rb:514:in `call'
  railties (4.1.8) lib/rails/application.rb:144:in `call'
  rack (1.5.2) lib/rack/lock.rb:17:in `call'
  rack (1.5.2) lib/rack/content_length.rb:14:in `call'
  rack (1.5.2) lib/rack/handler/webrick.rb:60:in `service'
  /Users/apiercey/.rvm/rubies/ruby-2.2.2/lib/ruby/2.2.0/webrick/httpserver.rb:138:in `service'
  /Users/apiercey/.rvm/rubies/ruby-2.2.2/lib/ruby/2.2.0/webrick/httpserver.rb:94:in `run'
  /Users/apiercey/.rvm/rubies/ruby-2.2.2/lib/ruby/2.2.0/webrick/server.rb:294:in `block in start_thread'


  Rendered /Users/apiercey/.rvm/gems/ruby-2.2.2/gems/actionpack-4.1.8/lib/action_dispatch/middleware/templates/rescues/_source.erb (27.2ms)
  Rendered /Users/apiercey/.rvm/gems/ruby-2.2.2/gems/actionpack-4.1.8/lib/action_dispatch/middleware/templates/rescues/_trace.html.erb (2.0ms)
  Rendered /Users/apiercey/.rvm/gems/ruby-2.2.2/gems/actionpack-4.1.8/lib/action_dispatch/middleware/templates/rescues/_request_and_response.html.erb (2.4ms)
  Rendered /Users/apiercey/.rvm/gems/ruby-2.2.2/gems/actionpack-4.1.8/lib/action_dispatch/middleware/templates/rescues/diagnostics.erb within rescues/layout (228.2ms)


Started GET "/" for 127.0.0.1 at 2016-02-18 12:26:33 +0100

ActiveRecord::PendingMigrationError (

Migrations are pending. To resolve this issue, run:

	bin/rake db:migrate RAILS_ENV=development

):
  activerecord (4.1.8) lib/active_record/migration.rb:389:in `check_pending!'
  activerecord (4.1.8) lib/active_record/migration.rb:377:in `call'
  actionpack (4.1.8) lib/action_dispatch/middleware/callbacks.rb:29:in `block in call'
  activesupport (4.1.8) lib/active_support/callbacks.rb:82:in `run_callbacks'
  actionpack (4.1.8) lib/action_dispatch/middleware/callbacks.rb:27:in `call'
  actionpack (4.1.8) lib/action_dispatch/middleware/reloader.rb:73:in `call'
  actionpack (4.1.8) lib/action_dispatch/middleware/remote_ip.rb:76:in `call'
  actionpack (4.1.8) lib/action_dispatch/middleware/debug_exceptions.rb:17:in `call'
  actionpack (4.1.8) lib/action_dispatch/middleware/show_exceptions.rb:30:in `call'
  railties (4.1.8) lib/rails/rack/logger.rb:38:in `call_app'
  railties (4.1.8) lib/rails/rack/logger.rb:20:in `block in call'
  activesupport (4.1.8) lib/active_support/tagged_logging.rb:68:in `block in tagged'
  activesupport (4.1.8) lib/active_support/tagged_logging.rb:26:in `tagged'
  activesupport (4.1.8) lib/active_support/tagged_logging.rb:68:in `tagged'
  railties (4.1.8) lib/rails/rack/logger.rb:20:in `call'
  actionpack (4.1.8) lib/action_dispatch/middleware/request_id.rb:21:in `call'
  rack (1.5.2) lib/rack/methodoverride.rb:21:in `call'
  rack (1.5.2) lib/rack/runtime.rb:17:in `call'
  activesupport (4.1.8) lib/active_support/cache/strategy/local_cache_middleware.rb:26:in `call'
  rack (1.5.2) lib/rack/lock.rb:17:in `call'
  actionpack (4.1.8) lib/action_dispatch/middleware/static.rb:84:in `call'
  rack (1.5.2) lib/rack/sendfile.rb:112:in `call'
  rack-cors (0.2.9) lib/rack/cors.rb:54:in `call'
  railties (4.1.8) lib/rails/engine.rb:514:in `call'
  railties (4.1.8) lib/rails/application.rb:144:in `call'
  rack (1.5.2) lib/rack/lock.rb:17:in `call'
  rack (1.5.2) lib/rack/content_length.rb:14:in `call'
  rack (1.5.2) lib/rack/handler/webrick.rb:60:in `service'
  /Users/apiercey/.rvm/rubies/ruby-2.2.2/lib/ruby/2.2.0/webrick/httpserver.rb:138:in `service'
  /Users/apiercey/.rvm/rubies/ruby-2.2.2/lib/ruby/2.2.0/webrick/httpserver.rb:94:in `run'
  /Users/apiercey/.rvm/rubies/ruby-2.2.2/lib/ruby/2.2.0/webrick/server.rb:294:in `block in start_thread'


  Rendered /Users/apiercey/.rvm/gems/ruby-2.2.2/gems/actionpack-4.1.8/lib/action_dispatch/middleware/templates/rescues/_source.erb (1.3ms)
  Rendered /Users/apiercey/.rvm/gems/ruby-2.2.2/gems/actionpack-4.1.8/lib/action_dispatch/middleware/templates/rescues/_trace.html.erb (2.3ms)
  Rendered /Users/apiercey/.rvm/gems/ruby-2.2.2/gems/actionpack-4.1.8/lib/action_dispatch/middleware/templates/rescues/_request_and_response.html.erb (1.3ms)
  Rendered /Users/apiercey/.rvm/gems/ruby-2.2.2/gems/actionpack-4.1.8/lib/action_dispatch/middleware/templates/rescues/diagnostics.erb within rescues/layout (63.1ms)
  [1m[36m (2.4ms)[0m  [1mDROP DATABASE IF EXISTS "cors_demo"[0m
PG::InsufficientPrivilege: ERROR:  must be owner of database cors_demo
: DROP DATABASE IF EXISTS "cors_demo"
  [1m[36m (34.4ms)[0m  [1mCREATE TABLE "schema_migrations" ("version" character varying(255) NOT NULL) [0m
  [1m[35m (8.6ms)[0m  CREATE UNIQUE INDEX  "unique_schema_migrations" ON "schema_migrations"  ("version")
  [1m[36mActiveRecord::SchemaMigration Load (1.3ms)[0m  [1mSELECT "schema_migrations".* FROM "schema_migrations"[0m
Migrating to DeviseCreateUsers (20141119182617)
  [1m[35m (1.0ms)[0m  BEGIN
  [1m[36m (26.9ms)[0m  [1mCREATE TABLE "users" ("id" serial primary key, "email" character varying(255) DEFAULT '' NOT NULL, "encrypted_password" character varying(255) DEFAULT '' NOT NULL, "reset_password_token" character varying(255), "reset_password_sent_at" timestamp, "remember_created_at" timestamp, "sign_in_count" integer DEFAULT 0 NOT NULL, "current_sign_in_at" timestamp, "last_sign_in_at" timestamp, "current_sign_in_ip" inet, "last_sign_in_ip" inet, "created_at" timestamp, "updated_at" timestamp) [0m
  [1m[35m (1.6ms)[0m  CREATE UNIQUE INDEX  "index_users_on_email" ON "users"  ("email")
  [1m[36m (1.6ms)[0m  [1mCREATE UNIQUE INDEX  "index_users_on_reset_password_token" ON "users"  ("reset_password_token")[0m
  [1m[35mSQL (1.1ms)[0m  INSERT INTO "schema_migrations" ("version") VALUES ($1)  [["version", "20141119182617"]]
  [1m[36m (0.7ms)[0m  [1mCOMMIT[0m
  [1m[35mActiveRecord::SchemaMigration Load (0.4ms)[0m  SELECT "schema_migrations".* FROM "schema_migrations"


Started POST "/users.json" for 127.0.0.1 at 2016-02-18 12:33:24 +0100
  [1m[36mActiveRecord::SchemaMigration Load (0.5ms)[0m  [1mSELECT "schema_migrations".* FROM "schema_migrations"[0m
Processing by Users::RegistrationsController#create as JSON
  Parameters: {"user"=>{"email"=>"test@example.com", "password"=>"[FILTERED]", "password_confirm"=>"[FILTERED]"}, "registration"=>{"user"=>{"email"=>"test@example.com", "password"=>"[FILTERED]", "password_confirm"=>"[FILTERED]"}}}
Unpermitted parameters: password_confirm
  [1m[35m (0.2ms)[0m  BEGIN
  [1m[36mUser Exists (5.0ms)[0m  [1mSELECT  1 AS one FROM "users"  WHERE "users"."email" = 'test@example.com' LIMIT 1[0m
  [1m[35mSQL (2.5ms)[0m  INSERT INTO "users" ("created_at", "email", "encrypted_password", "updated_at") VALUES ($1, $2, $3, $4) RETURNING "id"  [["created_at", "2016-02-18 11:33:24.639268"], ["email", "test@example.com"], ["encrypted_password", "$2a$10$j.xmLg6zqRN5suzExI9wUeIZU5ZR4lJ0hmPsJdiw8zGZksFmWYhi6"], ["updated_at", "2016-02-18 11:33:24.639268"]]
  [1m[36m (0.5ms)[0m  [1mCOMMIT[0m
  [1m[35m (0.2ms)[0m  BEGIN
  [1m[36mSQL (1.6ms)[0m  [1mUPDATE "users" SET "current_sign_in_at" = $1, "current_sign_in_ip" = $2, "last_sign_in_at" = $3, "last_sign_in_ip" = $4, "sign_in_count" = $5, "updated_at" = $6 WHERE "users"."id" = 1[0m  [["current_sign_in_at", "2016-02-18 11:33:24.659360"], ["current_sign_in_ip", "127.0.0.1/32"], ["last_sign_in_at", "2016-02-18 11:33:24.659360"], ["last_sign_in_ip", "127.0.0.1/32"], ["sign_in_count", 1], ["updated_at", "2016-02-18 11:33:24.661223"]]
  [1m[35m (0.7ms)[0m  COMMIT
Completed 201 Created in 184ms (Views: 0.9ms | ActiveRecord: 14.4ms)


Started POST "/users/sign_in.json" for 127.0.0.1 at 2016-02-18 12:33:46 +0100
Processing by Users::SessionsController#create as JSON
  Parameters: {"user"=>{"email"=>"test@example.com", "password"=>"[FILTERED]"}, "session"=>{"user"=>{"email"=>"test@example.com", "password"=>"[FILTERED]"}}}
  [1m[36mUser Load (3.0ms)[0m  [1mSELECT  "users".* FROM "users"  WHERE "users"."email" = 'test@example.com'  ORDER BY "users"."id" ASC LIMIT 1[0m
  [1m[35m (0.2ms)[0m  BEGIN
  [1m[36mSQL (0.4ms)[0m  [1mUPDATE "users" SET "current_sign_in_at" = $1, "sign_in_count" = $2, "updated_at" = $3 WHERE "users"."id" = 1[0m  [["current_sign_in_at", "2016-02-18 11:33:46.921598"], ["sign_in_count", 2], ["updated_at", "2016-02-18 11:33:46.922396"]]
  [1m[35m (0.6ms)[0m  COMMIT
Completed 200 OK in 110ms (Views: 0.3ms | ActiveRecord: 4.2ms)


Started POST "/users.json" for 127.0.0.1 at 2016-02-19 14:09:51 +0100
  [1m[36mActiveRecord::SchemaMigration Load (7.6ms)[0m  [1mSELECT "schema_migrations".* FROM "schema_migrations"[0m
Processing by Users::RegistrationsController#create as JSON
  Parameters: {"user"=>{"email"=>"test@example.com", "password"=>"[FILTERED]", "password_confirm"=>"[FILTERED]"}, "registration"=>{"user"=>{"email"=>"test@example.com", "password"=>"[FILTERED]", "password_confirm"=>"[FILTERED]"}}}
Unpermitted parameters: password_confirm
  [1m[35m (1.2ms)[0m  BEGIN
  [1m[36mUser Exists (6.3ms)[0m  [1mSELECT  1 AS one FROM "users"  WHERE "users"."email" = 'test@example.com' LIMIT 1[0m
  [1m[35m (0.8ms)[0m  ROLLBACK
Completed 422 Unprocessable Entity in 158ms (Views: 2.1ms | ActiveRecord: 14.3ms)


Started GET "/api/test.json" for 127.0.0.1 at 2016-02-19 14:14:10 +0100
Processing by ApiController#test as JSON
  Parameters: {"api"=>{}}
Filter chain halted as :verify_jwt_token rendered or redirected
Completed 401 Unauthorized in 2ms (ActiveRecord: 0.0ms)


Started GET "/api/test.json" for 127.0.0.1 at 2016-02-19 14:15:10 +0100
Processing by ApiController#test as JSON
  Parameters: {"api"=>{}}
Filter chain halted as :verify_jwt_token rendered or redirected
Completed 401 Unauthorized in 1ms (ActiveRecord: 0.0ms)


Started POST "/users/sign_in.json" for 127.0.0.1 at 2016-02-19 14:15:30 +0100
Processing by Users::SessionsController#create as JSON
  Parameters: {"user"=>{"email"=>"test@example.com", "password"=>"[FILTERED]"}, "session"=>{"user"=>{"email"=>"test@example.com", "password"=>"[FILTERED]"}}}
  [1m[36mUser Load (11.7ms)[0m  [1mSELECT  "users".* FROM "users"  WHERE "users"."email" = 'test@example.com'  ORDER BY "users"."id" ASC LIMIT 1[0m
  [1m[35m (0.2ms)[0m  BEGIN
  [1m[36mSQL (6.9ms)[0m  [1mUPDATE "users" SET "current_sign_in_at" = $1, "last_sign_in_at" = $2, "sign_in_count" = $3, "updated_at" = $4 WHERE "users"."id" = 1[0m  [["current_sign_in_at", "2016-02-19 13:15:31.200055"], ["last_sign_in_at", "2016-02-18 11:33:46.921598"], ["sign_in_count", 3], ["updated_at", "2016-02-19 13:15:31.204258"]]
  [1m[35m (1.8ms)[0m  COMMIT
Completed 200 OK in 241ms (Views: 0.9ms | ActiveRecord: 20.9ms)


Started GET "/api/test.json" for 127.0.0.1 at 2016-02-19 14:15:35 +0100
Processing by ApiController#test as JSON
  Parameters: {"api"=>{}}
Filter chain halted as :verify_jwt_token rendered or redirected
Completed 401 Unauthorized in 0ms (ActiveRecord: 0.0ms)


Started GET "/api/test.json" for 127.0.0.1 at 2016-02-19 14:15:44 +0100
Processing by ApiController#test as JSON
Filter chain halted as :verify_jwt_token rendered or redirected
Completed 401 Unauthorized in 1ms (ActiveRecord: 0.0ms)


Started POST "/users/sign_in.json" for 127.0.0.1 at 2016-02-19 14:15:58 +0100
Processing by Users::SessionsController#create as JSON
  Parameters: {"user"=>{"email"=>"test@example.com", "password"=>"[FILTERED]"}, "session"=>{"user"=>{"email"=>"test@example.com", "password"=>"[FILTERED]"}}}
  [1m[36mUser Load (0.8ms)[0m  [1mSELECT  "users".* FROM "users"  WHERE "users"."email" = 'test@example.com'  ORDER BY "users"."id" ASC LIMIT 1[0m
Completed 401 Unauthorized in 87ms


Started POST "/users/sign_in.json" for 127.0.0.1 at 2016-02-19 14:16:04 +0100
Processing by Users::SessionsController#create as JSON
  Parameters: {"user"=>{"email"=>"test@example.com", "password"=>"[FILTERED]"}, "session"=>{"user"=>{"email"=>"test@example.com", "password"=>"[FILTERED]"}}}
  [1m[35mUser Load (0.7ms)[0m  SELECT  "users".* FROM "users"  WHERE "users"."email" = 'test@example.com'  ORDER BY "users"."id" ASC LIMIT 1
  [1m[36m (0.2ms)[0m  [1mBEGIN[0m
  [1m[35mSQL (0.5ms)[0m  UPDATE "users" SET "current_sign_in_at" = $1, "last_sign_in_at" = $2, "sign_in_count" = $3, "updated_at" = $4 WHERE "users"."id" = 1  [["current_sign_in_at", "2016-02-19 13:16:04.384196"], ["last_sign_in_at", "2016-02-19 13:15:31.200055"], ["sign_in_count", 4], ["updated_at", "2016-02-19 13:16:04.385541"]]
  [1m[36m (7.8ms)[0m  [1mCOMMIT[0m
Completed 200 OK in 114ms (Views: 0.3ms | ActiveRecord: 9.2ms)


Started GET "/api/test.json" for 127.0.0.1 at 2016-02-19 14:25:47 +0100
Processing by ApiController#test as JSON
Filter chain halted as :verify_jwt_token rendered or redirected
Completed 401 Unauthorized in 2ms (ActiveRecord: 0.0ms)


Started POST "/users/sign_in.json" for 127.0.0.1 at 2016-02-19 15:44:16 +0100
Processing by Users::SessionsController#create as JSON
Completed 401 Unauthorized in 91ms


Started POST "/users/sign_in.json" for 127.0.0.1 at 2016-02-19 15:45:15 +0100
Processing by Users::SessionsController#create as JSON
Completed 401 Unauthorized in 24ms


Started POST "/users/sign_in.json" for 127.0.0.1 at 2016-02-19 15:46:09 +0100
Processing by Users::SessionsController#create as JSON
Completed 401 Unauthorized in 5ms


Started POST "/users/sign_in.json" for 127.0.0.1 at 2016-02-19 15:46:23 +0100
Processing by Users::SessionsController#create as JSON
Completed 401 Unauthorized in 5ms


Started POST "/users/sign_in.json" for 127.0.0.1 at 2016-02-19 15:47:14 +0100
Processing by Users::SessionsController#create as JSON
Completed 401 Unauthorized in 28ms


Started POST "/users/sign_in.json" for 127.0.0.1 at 2016-02-19 15:48:11 +0100
Processing by Users::SessionsController#create as JSON
  Parameters: {"user"=>{"email"=>"test@example.com", "password"=>"[FILTERED]"}, "session"=>{"user"=>{"email"=>"test@example.com", "password"=>"[FILTERED]"}}}
  [1m[35mUser Load (51.9ms)[0m  SELECT  "users".* FROM "users"  WHERE "users"."email" = 'test@example.com'  ORDER BY "users"."id" ASC LIMIT 1
  [1m[36m (2.0ms)[0m  [1mBEGIN[0m
  [1m[35mSQL (9.6ms)[0m  UPDATE "users" SET "current_sign_in_at" = $1, "last_sign_in_at" = $2, "sign_in_count" = $3, "updated_at" = $4 WHERE "users"."id" = 1  [["current_sign_in_at", "2016-02-19 14:48:12.347475"], ["last_sign_in_at", "2016-02-19 13:16:04.384196"], ["sign_in_count", 5], ["updated_at", "2016-02-19 14:48:12.365798"]]
  [1m[36m (2.8ms)[0m  [1mCOMMIT[0m
Completed 200 OK in 495ms (Views: 9.3ms | ActiveRecord: 66.3ms)


Started POST "/users/sign_in.json" for 127.0.0.1 at 2016-02-19 15:52:46 +0100
Processing by Users::SessionsController#create as JSON
Completed 401 Unauthorized in 13ms


Started POST "/users/sign_in.json" for 127.0.0.1 at 2016-02-19 16:01:22 +0100
Processing by Users::SessionsController#create as JSON
Completed 401 Unauthorized in 7ms


Started POST "/users/sign_in.json" for 127.0.0.1 at 2016-02-19 16:01:43 +0100
Processing by Users::SessionsController#create as JSON
Completed 401 Unauthorized in 3ms


Started POST "/users/sign_in.json" for 127.0.0.1 at 2016-02-19 16:02:03 +0100
Processing by Users::SessionsController#create as JSON
  Parameters: {"user"=>{"email"=>"test@example.com", "password"=>"[FILTERED]"}, "session"=>{"user"=>{"email"=>"test@example.com", "password"=>"[FILTERED]"}}}
  [1m[35mUser Load (42.6ms)[0m  SELECT  "users".* FROM "users"  WHERE "users"."email" = 'test@example.com'  ORDER BY "users"."id" ASC LIMIT 1
  [1m[36m (1.5ms)[0m  [1mBEGIN[0m
  [1m[35mSQL (7.8ms)[0m  UPDATE "users" SET "current_sign_in_at" = $1, "last_sign_in_at" = $2, "sign_in_count" = $3, "updated_at" = $4 WHERE "users"."id" = 1  [["current_sign_in_at", "2016-02-19 15:02:03.687747"], ["last_sign_in_at", "2016-02-19 14:48:12.347475"], ["sign_in_count", 6], ["updated_at", "2016-02-19 15:02:03.695829"]]
  [1m[36m (0.9ms)[0m  [1mCOMMIT[0m
Completed 200 OK in 201ms (Views: 1.3ms | ActiveRecord: 52.8ms)


Started GET "/users/sign_in.json" for 127.0.0.1 at 2016-02-19 16:02:31 +0100
Processing by Users::SessionsController#new as JSON
Completed 200 OK in 127ms (Views: 4.6ms | ActiveRecord: 0.0ms)


Started POST "/users/sign_in.json" for 127.0.0.1 at 2016-02-19 16:04:18 +0100
Processing by Users::SessionsController#create as JSON
  Parameters: {"user"=>{"email"=>"", "password"=>"[FILTERED]"}, "session"=>{"user"=>{"email"=>"", "password"=>"[FILTERED]"}}}
Completed 401 Unauthorized in 20ms


Started POST "/users/sign_in.json" for 127.0.0.1 at 2016-02-19 16:04:23 +0100
Processing by Users::SessionsController#create as JSON
  Parameters: {"user"=>{"email"=>"dd", "password"=>"[FILTERED]"}, "session"=>{"user"=>{"email"=>"dd", "password"=>"[FILTERED]"}}}
  [1m[35mUser Load (3.3ms)[0m  SELECT  "users".* FROM "users"  WHERE "users"."email" = 'dd'  ORDER BY "users"."id" ASC LIMIT 1
Completed 401 Unauthorized in 27ms


Started POST "/users/sign_in.json" for 127.0.0.1 at 2016-02-19 16:06:10 +0100
Processing by Users::SessionsController#create as JSON
  Parameters: {"user"=>{"email"=>"test@example.com", "password"=>"[FILTERED]"}, "session"=>{"user"=>{"email"=>"test@example.com", "password"=>"[FILTERED]"}}}
  [1m[36mUser Load (11.1ms)[0m  [1mSELECT  "users".* FROM "users"  WHERE "users"."email" = 'test@example.com'  ORDER BY "users"."id" ASC LIMIT 1[0m
  [1m[35m (0.4ms)[0m  BEGIN
  [1m[36mSQL (1.0ms)[0m  [1mUPDATE "users" SET "current_sign_in_at" = $1, "last_sign_in_at" = $2, "sign_in_count" = $3, "updated_at" = $4 WHERE "users"."id" = 1[0m  [["current_sign_in_at", "2016-02-19 15:06:10.530683"], ["last_sign_in_at", "2016-02-19 15:02:03.687747"], ["sign_in_count", 7], ["updated_at", "2016-02-19 15:06:10.546662"]]
  [1m[35m (2.9ms)[0m  COMMIT
Completed 200 OK in 205ms (Views: 1.2ms | ActiveRecord: 15.3ms)


Started POST "/users/sign_in.json" for 127.0.0.1 at 2016-02-19 16:12:36 +0100
Processing by Users::SessionsController#create as JSON
  Parameters: {"user"=>{"email"=>"test@example.com", "password"=>"[FILTERED]"}, "session"=>{"user"=>{"email"=>"test@example.com", "password"=>"[FILTERED]"}}}
  [1m[36mUser Load (33.5ms)[0m  [1mSELECT  "users".* FROM "users"  WHERE "users"."email" = 'test@example.com'  ORDER BY "users"."id" ASC LIMIT 1[0m
  [1m[35m (1.0ms)[0m  BEGIN
  [1m[36mSQL (7.7ms)[0m  [1mUPDATE "users" SET "current_sign_in_at" = $1, "last_sign_in_at" = $2, "sign_in_count" = $3, "updated_at" = $4 WHERE "users"."id" = 1[0m  [["current_sign_in_at", "2016-02-19 15:12:36.838530"], ["last_sign_in_at", "2016-02-19 15:06:10.530683"], ["sign_in_count", 8], ["updated_at", "2016-02-19 15:12:36.847574"]]
  [1m[35m (0.8ms)[0m  COMMIT
Completed 200 OK in 203ms (Views: 5.2ms | ActiveRecord: 42.9ms)


Started POST "/users/sign_in.json" for 127.0.0.1 at 2016-02-19 16:12:42 +0100
Processing by Users::SessionsController#create as JSON
  Parameters: {"user"=>{"email"=>"test@example.com", "password"=>"[FILTERED]"}, "session"=>{"user"=>{"email"=>"test@example.com", "password"=>"[FILTERED]"}}}
  [1m[36mUser Load (2.7ms)[0m  [1mSELECT  "users".* FROM "users"  WHERE "users"."email" = 'test@example.com'  ORDER BY "users"."id" ASC LIMIT 1[0m
Completed 401 Unauthorized in 117ms


Started POST "/users/sign_in.json" for 127.0.0.1 at 2016-02-19 16:13:06 +0100
Processing by Users::SessionsController#create as JSON
  Parameters: {"user"=>{"email"=>"", "password"=>"[FILTERED]"}, "session"=>{"user"=>{"email"=>"", "password"=>"[FILTERED]"}}}
Completed 401 Unauthorized in 8ms


Started POST "/users/sign_in.json" for 127.0.0.1 at 2016-02-19 16:13:20 +0100
Processing by Users::SessionsController#create as JSON
  Parameters: {"user"=>{"email"=>"test@example.com", "password"=>"[FILTERED]"}, "session"=>{"user"=>{"email"=>"test@example.com", "password"=>"[FILTERED]"}}}
  [1m[35mUser Load (1.6ms)[0m  SELECT  "users".* FROM "users"  WHERE "users"."email" = 'test@example.com'  ORDER BY "users"."id" ASC LIMIT 1
  [1m[36m (0.2ms)[0m  [1mBEGIN[0m
  [1m[35mSQL (1.1ms)[0m  UPDATE "users" SET "current_sign_in_at" = $1, "last_sign_in_at" = $2, "sign_in_count" = $3, "updated_at" = $4 WHERE "users"."id" = 1  [["current_sign_in_at", "2016-02-19 15:13:21.211489"], ["last_sign_in_at", "2016-02-19 15:12:36.838530"], ["sign_in_count", 9], ["updated_at", "2016-02-19 15:13:21.223733"]]
  [1m[36m (0.5ms)[0m  [1mCOMMIT[0m
Completed 200 OK in 333ms (Views: 1.0ms | ActiveRecord: 3.4ms)


Started POST "/users/sign_in.json" for 127.0.0.1 at 2016-02-19 16:13:24 +0100
Processing by Users::SessionsController#create as JSON
  Parameters: {"user"=>{"email"=>"test@example.com", "password"=>"[FILTERED]"}, "session"=>{"user"=>{"email"=>"test@example.com", "password"=>"[FILTERED]"}}}
  [1m[35mUser Load (2.1ms)[0m  SELECT  "users".* FROM "users"  WHERE "users"."email" = 'test@example.com'  ORDER BY "users"."id" ASC LIMIT 1
Completed 401 Unauthorized in 126ms


Started POST "/users/sign_in.json" for 127.0.0.1 at 2016-02-19 16:13:31 +0100
Processing by Users::SessionsController#create as JSON
  Parameters: {"user"=>{"email"=>"test@example.com", "password"=>"[FILTERED]"}, "session"=>{"user"=>{"email"=>"test@example.com", "password"=>"[FILTERED]"}}}
  [1m[36mUser Load (0.7ms)[0m  [1mSELECT  "users".* FROM "users"  WHERE "users"."email" = 'test@example.com'  ORDER BY "users"."id" ASC LIMIT 1[0m
  [1m[35m (0.4ms)[0m  BEGIN
  [1m[36mSQL (0.3ms)[0m  [1mUPDATE "users" SET "current_sign_in_at" = $1, "last_sign_in_at" = $2, "sign_in_count" = $3, "updated_at" = $4 WHERE "users"."id" = 1[0m  [["current_sign_in_at", "2016-02-19 15:13:31.208262"], ["last_sign_in_at", "2016-02-19 15:13:21.211489"], ["sign_in_count", 10], ["updated_at", "2016-02-19 15:13:31.210193"]]
  [1m[35m (0.4ms)[0m  COMMIT
Completed 200 OK in 112ms (Views: 0.4ms | ActiveRecord: 1.8ms)


Started POST "/users/sign_in.json" for 127.0.0.1 at 2016-02-19 16:14:15 +0100
Processing by Users::SessionsController#create as JSON
  Parameters: {"user"=>{"email"=>"", "password"=>"[FILTERED]"}, "session"=>{"user"=>{"email"=>"", "password"=>"[FILTERED]"}}}
Completed 401 Unauthorized in 1ms


Started POST "/users/sign_in.json" for 127.0.0.1 at 2016-02-19 16:14:29 +0100
Processing by Users::SessionsController#create as JSON
  Parameters: {"user"=>{"email"=>"test@example.com", "password"=>"[FILTERED]"}, "session"=>{"user"=>{"email"=>"test@example.com", "password"=>"[FILTERED]"}}}
  [1m[36mUser Load (0.8ms)[0m  [1mSELECT  "users".* FROM "users"  WHERE "users"."email" = 'test@example.com'  ORDER BY "users"."id" ASC LIMIT 1[0m
Completed 401 Unauthorized in 140ms


Started POST "/users/sign_in.json" for 127.0.0.1 at 2016-02-19 16:14:37 +0100
Processing by Users::SessionsController#create as JSON
  Parameters: {"user"=>{"email"=>"test@example.com", "password"=>"[FILTERED]"}, "session"=>{"user"=>{"email"=>"test@example.com", "password"=>"[FILTERED]"}}}
  [1m[35mUser Load (0.8ms)[0m  SELECT  "users".* FROM "users"  WHERE "users"."email" = 'test@example.com'  ORDER BY "users"."id" ASC LIMIT 1
  [1m[36m (0.2ms)[0m  [1mBEGIN[0m
  [1m[35mSQL (1.8ms)[0m  UPDATE "users" SET "current_sign_in_at" = $1, "last_sign_in_at" = $2, "sign_in_count" = $3, "updated_at" = $4 WHERE "users"."id" = 1  [["current_sign_in_at", "2016-02-19 15:14:37.187125"], ["last_sign_in_at", "2016-02-19 15:13:31.208262"], ["sign_in_count", 11], ["updated_at", "2016-02-19 15:14:37.192267"]]
  [1m[36m (1.6ms)[0m  [1mCOMMIT[0m
Completed 200 OK in 167ms (Views: 1.9ms | ActiveRecord: 4.4ms)


Started POST "/users/sign_in.json" for 127.0.0.1 at 2016-02-19 16:29:23 +0100
Processing by Users::SessionsController#create as JSON
Completed 401 Unauthorized in 9ms


Started POST "/users/sign_in.json" for 127.0.0.1 at 2016-02-19 16:30:50 +0100
Processing by Users::SessionsController#create as JSON
Completed 401 Unauthorized in 7ms


Started POST "/users/sign_in.json" for 127.0.0.1 at 2016-02-19 16:30:53 +0100
Processing by Users::SessionsController#create as JSON
Completed 401 Unauthorized in 1ms


Started POST "/users/sign_in.json" for 127.0.0.1 at 2016-02-19 16:31:04 +0100
Processing by Users::SessionsController#create as JSON
Completed 401 Unauthorized in 2ms


Started POST "/users/sign_in.json" for 127.0.0.1 at 2016-02-19 16:36:30 +0100
Processing by Users::SessionsController#create as JSON
  Parameters: {"user"=>{"email"=>"asd", "password"=>"[FILTERED]"}, "session"=>{"user"=>{"email"=>"asd", "password"=>"[FILTERED]"}}}
  [1m[35mUser Load (25.4ms)[0m  SELECT  "users".* FROM "users"  WHERE "users"."email" = 'asd'  ORDER BY "users"."id" ASC LIMIT 1
Completed 401 Unauthorized in 55ms


Started POST "/users/sign_in.json" for 127.0.0.1 at 2016-02-19 17:08:09 +0100
Processing by Users::SessionsController#create as JSON
Completed 401 Unauthorized in 11ms


Started POST "/users/sign_in.json" for 127.0.0.1 at 2016-02-19 17:08:25 +0100
Processing by Users::SessionsController#create as JSON
Completed 401 Unauthorized in 4ms


Started POST "/users/sign_in.json" for 127.0.0.1 at 2016-02-19 17:13:00 +0100
Processing by Users::SessionsController#create as JSON
Completed 401 Unauthorized in 8ms


Started POST "/users/sign_in.json" for 127.0.0.1 at 2016-02-19 17:13:08 +0100
Processing by Users::SessionsController#create as JSON
Completed 401 Unauthorized in 2ms


Started POST "/users/sign_in.json" for 127.0.0.1 at 2016-02-19 17:13:21 +0100
Processing by Users::SessionsController#create as JSON
Completed 401 Unauthorized in 1ms


Started POST "/users/sign_in.json" for 127.0.0.1 at 2016-02-19 17:16:55 +0100
Processing by Users::SessionsController#create as JSON
Completed 500 Internal Server Error in 31ms

NoMethodError (undefined method `put' for #<Users::SessionsController:0x007fbb0375e138>):
  app/controllers/users/sessions_controller.rb:15:in `create'


  Rendered /Users/apiercey/.rvm/gems/ruby-2.2.2/gems/actionpack-4.1.8/lib/action_dispatch/middleware/templates/rescues/_source.erb (1.8ms)
  Rendered /Users/apiercey/.rvm/gems/ruby-2.2.2/gems/actionpack-4.1.8/lib/action_dispatch/middleware/templates/rescues/_trace.html.erb (5.5ms)
  Rendered /Users/apiercey/.rvm/gems/ruby-2.2.2/gems/actionpack-4.1.8/lib/action_dispatch/middleware/templates/rescues/_request_and_response.html.erb (3.1ms)
  Rendered /Users/apiercey/.rvm/gems/ruby-2.2.2/gems/actionpack-4.1.8/lib/action_dispatch/middleware/templates/rescues/diagnostics.erb within rescues/layout (144.0ms)


Started POST "/users/sign_in.json" for 127.0.0.1 at 2016-02-19 17:17:06 +0100
Processing by Users::SessionsController#create as JSON
Completed 500 Internal Server Error in 33ms

NoMethodError (undefined method `put' for #<Users::SessionsController:0x007fbb03ef67b0>):
  app/controllers/users/sessions_controller.rb:15:in `create'


  Rendered /Users/apiercey/.rvm/gems/ruby-2.2.2/gems/actionpack-4.1.8/lib/action_dispatch/middleware/templates/rescues/_source.erb (1.3ms)
  Rendered /Users/apiercey/.rvm/gems/ruby-2.2.2/gems/actionpack-4.1.8/lib/action_dispatch/middleware/templates/rescues/_trace.html.erb (2.4ms)
  Rendered /Users/apiercey/.rvm/gems/ruby-2.2.2/gems/actionpack-4.1.8/lib/action_dispatch/middleware/templates/rescues/_request_and_response.html.erb (1.5ms)
  Rendered /Users/apiercey/.rvm/gems/ruby-2.2.2/gems/actionpack-4.1.8/lib/action_dispatch/middleware/templates/rescues/diagnostics.erb within rescues/layout (64.5ms)


Started POST "/users/sign_in.json" for 127.0.0.1 at 2016-02-19 17:17:37 +0100
Processing by Users::SessionsController#create as JSON
Completed 401 Unauthorized in 2ms


Started POST "/users/sign_in.json" for 127.0.0.1 at 2016-02-19 17:18:39 +0100
Processing by Users::SessionsController#create as JSON
Completed 401 Unauthorized in 6ms


Started POST "/users/sign_in.json" for 127.0.0.1 at 2016-02-19 17:22:01 +0100
  [1m[36mActiveRecord::SchemaMigration Load (3.9ms)[0m  [1mSELECT "schema_migrations".* FROM "schema_migrations"[0m
Processing by Users::SessionsController#create as JSON
  Parameters: {"user"=>{"email"=>"", "password"=>"[FILTERED]"}, "session"=>{"user"=>{"email"=>"", "password"=>"[FILTERED]"}}}
Completed 401 Unauthorized in 19ms


Started POST "/users/sign_in.json" for 127.0.0.1 at 2016-02-19 17:22:18 +0100
Processing by Users::SessionsController#create as JSON
  Parameters: {"user"=>{"email"=>"test@example.com", "password"=>"[FILTERED]"}, "session"=>{"user"=>{"email"=>"test@example.com", "password"=>"[FILTERED]"}}}
  [1m[35mUser Load (24.9ms)[0m  SELECT  "users".* FROM "users"  WHERE "users"."email" = 'test@example.com'  ORDER BY "users"."id" ASC LIMIT 1
  [1m[36m (7.6ms)[0m  [1mBEGIN[0m
  [1m[35mSQL (103.3ms)[0m  UPDATE "users" SET "current_sign_in_at" = $1, "last_sign_in_at" = $2, "sign_in_count" = $3, "updated_at" = $4 WHERE "users"."id" = 1  [["current_sign_in_at", "2016-02-19 16:22:18.888687"], ["last_sign_in_at", "2016-02-19 15:14:37.187125"], ["sign_in_count", 12], ["updated_at", "2016-02-19 16:22:18.899910"]]
  [1m[36m (31.7ms)[0m  [1mCOMMIT[0m
Completed 200 OK in 554ms (Views: 0.6ms | ActiveRecord: 199.2ms)


Started POST "/users.json" for 127.0.0.1 at 2016-02-22 15:34:14 +0100
  [1m[36mActiveRecord::SchemaMigration Load (5.5ms)[0m  [1mSELECT "schema_migrations".* FROM "schema_migrations"[0m
Processing by Users::RegistrationsController#create as JSON
  Parameters: {"user"=>{"email"=>"asd@asd.com", "password"=>"[FILTERED]", "retype_password"=>"[FILTERED]"}, "registration"=>{"user"=>{"email"=>"asd@asd.com", "password"=>"[FILTERED]", "retype_password"=>"[FILTERED]"}}}
Unpermitted parameters: retype_password
  [1m[35m (7.4ms)[0m  BEGIN
  [1m[36mUser Exists (6.9ms)[0m  [1mSELECT  1 AS one FROM "users"  WHERE "users"."email" = 'asd@asd.com' LIMIT 1[0m
  [1m[35m (0.6ms)[0m  ROLLBACK
Completed 422 Unprocessable Entity in 194ms (Views: 0.8ms | ActiveRecord: 21.6ms)


Started POST "/users.json" for 127.0.0.1 at 2016-02-22 15:34:26 +0100
Processing by Users::RegistrationsController#create as JSON
  Parameters: {"user"=>{"email"=>"asd@asd.com", "password"=>"[FILTERED]", "retype_password"=>"[FILTERED]"}, "registration"=>{"user"=>{"email"=>"asd@asd.com", "password"=>"[FILTERED]", "retype_password"=>"[FILTERED]"}}}
Unpermitted parameters: retype_password
  [1m[36m (0.2ms)[0m  [1mBEGIN[0m
  [1m[35mUser Exists (0.5ms)[0m  SELECT  1 AS one FROM "users"  WHERE "users"."email" = 'asd@asd.com' LIMIT 1
  [1m[36mSQL (11.2ms)[0m  [1mINSERT INTO "users" ("created_at", "email", "encrypted_password", "updated_at") VALUES ($1, $2, $3, $4) RETURNING "id"[0m  [["created_at", "2016-02-22 14:34:26.924951"], ["email", "asd@asd.com"], ["encrypted_password", "$2a$10$nratHaGcldNfTn46ehz/xeS0qHDE/7ZHEsoZK90f4LTYK/d.RlG9O"], ["updated_at", "2016-02-22 14:34:26.924951"]]
  [1m[35m (4.1ms)[0m  COMMIT
  [1m[36m (0.2ms)[0m  [1mBEGIN[0m
  [1m[35mSQL (2.5ms)[0m  UPDATE "users" SET "current_sign_in_at" = $1, "current_sign_in_ip" = $2, "last_sign_in_at" = $3, "last_sign_in_ip" = $4, "sign_in_count" = $5, "updated_at" = $6 WHERE "users"."id" = 2  [["current_sign_in_at", "2016-02-22 14:34:26.972406"], ["current_sign_in_ip", "127.0.0.1/32"], ["last_sign_in_at", "2016-02-22 14:34:26.972406"], ["last_sign_in_ip", "127.0.0.1/32"], ["sign_in_count", 1], ["updated_at", "2016-02-22 14:34:26.973965"]]
  [1m[36m (0.5ms)[0m  [1mCOMMIT[0m
Completed 201 Created in 161ms (Views: 0.5ms | ActiveRecord: 19.3ms)


Started POST "/users/sign_in.json" for 127.0.0.1 at 2016-02-22 15:34:36 +0100
Processing by Users::SessionsController#create as JSON
  Parameters: {"user"=>{"email"=>"asd@asd.com", "password"=>"[FILTERED]"}, "session"=>{"user"=>{"email"=>"asd@asd.com", "password"=>"[FILTERED]"}}}
  [1m[35mUser Load (5.8ms)[0m  SELECT  "users".* FROM "users"  WHERE "users"."email" = 'asd@asd.com'  ORDER BY "users"."id" ASC LIMIT 1
  [1m[36m (0.2ms)[0m  [1mBEGIN[0m
  [1m[35mSQL (0.4ms)[0m  UPDATE "users" SET "current_sign_in_at" = $1, "sign_in_count" = $2, "updated_at" = $3 WHERE "users"."id" = 2  [["current_sign_in_at", "2016-02-22 14:34:36.130435"], ["sign_in_count", 2], ["updated_at", "2016-02-22 14:34:36.131222"]]
  [1m[36m (2.7ms)[0m  [1mCOMMIT[0m
Completed 200 OK in 127ms (Views: 0.5ms | ActiveRecord: 9.1ms)


Started POST "/users/sign_in.json" for 127.0.0.1 at 2016-02-22 15:37:50 +0100
Processing by Users::SessionsController#create as JSON
  Parameters: {"user"=>{"email"=>"asd@asd.com", "password"=>"[FILTERED]"}, "session"=>{"user"=>{"email"=>"asd@asd.com", "password"=>"[FILTERED]"}}}
  [1m[35mUser Load (24.0ms)[0m  SELECT  "users".* FROM "users"  WHERE "users"."email" = 'asd@asd.com'  ORDER BY "users"."id" ASC LIMIT 1
  [1m[36m (1.2ms)[0m  [1mBEGIN[0m
  [1m[35mSQL (3.5ms)[0m  UPDATE "users" SET "current_sign_in_at" = $1, "last_sign_in_at" = $2, "sign_in_count" = $3, "updated_at" = $4 WHERE "users"."id" = 2  [["current_sign_in_at", "2016-02-22 14:37:51.033946"], ["last_sign_in_at", "2016-02-22 14:34:36.130435"], ["sign_in_count", 3], ["updated_at", "2016-02-22 14:37:51.038513"]]
  [1m[36m (0.7ms)[0m  [1mCOMMIT[0m
Completed 200 OK in 176ms (Views: 1.2ms | ActiveRecord: 29.5ms)


Started POST "/users/sign_in.json" for 127.0.0.1 at 2016-02-22 15:41:45 +0100
Processing by Users::SessionsController#create as JSON
  Parameters: {"user"=>{"email"=>"asd@asd.com", "password"=>"[FILTERED]"}, "session"=>{"user"=>{"email"=>"asd@asd.com", "password"=>"[FILTERED]"}}}
  [1m[35mUser Load (30.3ms)[0m  SELECT  "users".* FROM "users"  WHERE "users"."email" = 'asd@asd.com'  ORDER BY "users"."id" ASC LIMIT 1
  [1m[36m (1.4ms)[0m  [1mBEGIN[0m
  [1m[35mSQL (7.3ms)[0m  UPDATE "users" SET "current_sign_in_at" = $1, "last_sign_in_at" = $2, "sign_in_count" = $3, "updated_at" = $4 WHERE "users"."id" = 2  [["current_sign_in_at", "2016-02-22 14:41:46.072225"], ["last_sign_in_at", "2016-02-22 14:37:51.033946"], ["sign_in_count", 4], ["updated_at", "2016-02-22 14:41:46.078041"]]
  [1m[36m (1.5ms)[0m  [1mCOMMIT[0m
Completed 200 OK in 204ms (Views: 1.3ms | ActiveRecord: 40.4ms)


Started POST "/users/sign_in.json" for 127.0.0.1 at 2016-02-22 15:42:51 +0100
Processing by Users::SessionsController#create as JSON
  Parameters: {"user"=>{"email"=>"asd@asd.com", "password"=>"[FILTERED]"}, "session"=>{"user"=>{"email"=>"asd@asd.com", "password"=>"[FILTERED]"}}}
  [1m[35mUser Load (3.3ms)[0m  SELECT  "users".* FROM "users"  WHERE "users"."email" = 'asd@asd.com'  ORDER BY "users"."id" ASC LIMIT 1
  [1m[36m (5.2ms)[0m  [1mBEGIN[0m
  [1m[35mSQL (0.9ms)[0m  UPDATE "users" SET "current_sign_in_at" = $1, "last_sign_in_at" = $2, "sign_in_count" = $3, "updated_at" = $4 WHERE "users"."id" = 2  [["current_sign_in_at", "2016-02-22 14:42:51.797094"], ["last_sign_in_at", "2016-02-22 14:41:46.072225"], ["sign_in_count", 5], ["updated_at", "2016-02-22 14:42:51.807552"]]
  [1m[36m (1.2ms)[0m  [1mCOMMIT[0m
Completed 200 OK in 197ms (Views: 0.9ms | ActiveRecord: 10.7ms)


Started POST "/users/sign_in.json" for 127.0.0.1 at 2016-02-22 15:44:41 +0100
Processing by Users::SessionsController#create as JSON
  Parameters: {"user"=>{"email"=>"asd@asd.com", "password"=>"[FILTERED]"}, "session"=>{"user"=>{"email"=>"asd@asd.com", "password"=>"[FILTERED]"}}}
  [1m[35mUser Load (3.2ms)[0m  SELECT  "users".* FROM "users"  WHERE "users"."email" = 'asd@asd.com'  ORDER BY "users"."id" ASC LIMIT 1
  [1m[36m (0.2ms)[0m  [1mBEGIN[0m
  [1m[35mSQL (2.0ms)[0m  UPDATE "users" SET "current_sign_in_at" = $1, "last_sign_in_at" = $2, "sign_in_count" = $3, "updated_at" = $4 WHERE "users"."id" = 2  [["current_sign_in_at", "2016-02-22 14:44:41.269564"], ["last_sign_in_at", "2016-02-22 14:42:51.797094"], ["sign_in_count", 6], ["updated_at", "2016-02-22 14:44:41.271270"]]
  [1m[36m (0.8ms)[0m  [1mCOMMIT[0m
Completed 200 OK in 200ms (Views: 0.5ms | ActiveRecord: 6.1ms)


Started POST "/users/sign_in.json" for 127.0.0.1 at 2016-02-22 15:48:21 +0100
Processing by Users::SessionsController#create as JSON
  Parameters: {"user"=>{"email"=>"asd@sad.com", "password"=>"[FILTERED]"}, "session"=>{"user"=>{"email"=>"asd@sad.com", "password"=>"[FILTERED]"}}}
  [1m[35mUser Load (25.6ms)[0m  SELECT  "users".* FROM "users"  WHERE "users"."email" = 'asd@sad.com'  ORDER BY "users"."id" ASC LIMIT 1
Completed 401 Unauthorized in 55ms


Started POST "/users/sign_in.json" for 127.0.0.1 at 2016-02-22 15:48:30 +0100
Processing by Users::SessionsController#create as JSON
  Parameters: {"user"=>{"email"=>"asd@asd.com", "password"=>"[FILTERED]"}, "session"=>{"user"=>{"email"=>"asd@asd.com", "password"=>"[FILTERED]"}}}
  [1m[36mUser Load (13.1ms)[0m  [1mSELECT  "users".* FROM "users"  WHERE "users"."email" = 'asd@asd.com'  ORDER BY "users"."id" ASC LIMIT 1[0m
  [1m[35m (0.9ms)[0m  BEGIN
  [1m[36mSQL (3.9ms)[0m  [1mUPDATE "users" SET "current_sign_in_at" = $1, "last_sign_in_at" = $2, "sign_in_count" = $3, "updated_at" = $4 WHERE "users"."id" = 2[0m  [["current_sign_in_at", "2016-02-22 14:48:30.858228"], ["last_sign_in_at", "2016-02-22 14:44:41.269564"], ["sign_in_count", 7], ["updated_at", "2016-02-22 14:48:30.863021"]]
  [1m[35m (0.8ms)[0m  COMMIT
Completed 200 OK in 142ms (Views: 1.3ms | ActiveRecord: 18.7ms)


Started POST "/users/sign_in.json" for 127.0.0.1 at 2016-02-22 15:50:07 +0100
Processing by Users::SessionsController#create as JSON
  Parameters: {"user"=>{"email"=>"asd@asd.com", "password"=>"[FILTERED]"}, "session"=>{"user"=>{"email"=>"asd@asd.com", "password"=>"[FILTERED]"}}}
  [1m[36mUser Load (24.7ms)[0m  [1mSELECT  "users".* FROM "users"  WHERE "users"."email" = 'asd@asd.com'  ORDER BY "users"."id" ASC LIMIT 1[0m
  [1m[35m (1.8ms)[0m  BEGIN
  [1m[36mSQL (6.1ms)[0m  [1mUPDATE "users" SET "current_sign_in_at" = $1, "last_sign_in_at" = $2, "sign_in_count" = $3, "updated_at" = $4 WHERE "users"."id" = 2[0m  [["current_sign_in_at", "2016-02-22 14:50:07.342372"], ["last_sign_in_at", "2016-02-22 14:48:30.858228"], ["sign_in_count", 8], ["updated_at", "2016-02-22 14:50:07.347962"]]
  [1m[35m (0.5ms)[0m  COMMIT
Completed 200 OK in 169ms (Views: 1.5ms | ActiveRecord: 33.2ms)


Started POST "/users/sign_in.json" for 127.0.0.1 at 2016-02-22 15:50:50 +0100
Processing by Users::SessionsController#create as JSON
  Parameters: {"user"=>{"email"=>"asd@asd.com", "password"=>"[FILTERED]"}, "session"=>{"user"=>{"email"=>"asd@asd.com", "password"=>"[FILTERED]"}}}
  [1m[36mUser Load (3.3ms)[0m  [1mSELECT  "users".* FROM "users"  WHERE "users"."email" = 'asd@asd.com'  ORDER BY "users"."id" ASC LIMIT 1[0m
  [1m[35m (0.2ms)[0m  BEGIN
  [1m[36mSQL (2.4ms)[0m  [1mUPDATE "users" SET "current_sign_in_at" = $1, "last_sign_in_at" = $2, "sign_in_count" = $3, "updated_at" = $4 WHERE "users"."id" = 2[0m  [["current_sign_in_at", "2016-02-22 14:50:50.281781"], ["last_sign_in_at", "2016-02-22 14:50:07.342372"], ["sign_in_count", 9], ["updated_at", "2016-02-22 14:50:50.285795"]]
  [1m[35m (0.6ms)[0m  COMMIT
Completed 200 OK in 154ms (Views: 2.6ms | ActiveRecord: 6.4ms)


Started POST "/users/sign_in.json" for 127.0.0.1 at 2016-02-22 15:50:53 +0100
Processing by Users::SessionsController#create as JSON
  Parameters: {"user"=>{"email"=>"asd@asd.com", "password"=>"[FILTERED]"}, "session"=>{"user"=>{"email"=>"asd@asd.com", "password"=>"[FILTERED]"}}}
  [1m[36mUser Load (0.9ms)[0m  [1mSELECT  "users".* FROM "users"  WHERE "users"."email" = 'asd@asd.com'  ORDER BY "users"."id" ASC LIMIT 1[0m
  [1m[35m (0.2ms)[0m  BEGIN
  [1m[36mSQL (0.6ms)[0m  [1mUPDATE "users" SET "current_sign_in_at" = $1, "last_sign_in_at" = $2, "sign_in_count" = $3, "updated_at" = $4 WHERE "users"."id" = 2[0m  [["current_sign_in_at", "2016-02-22 14:50:53.739707"], ["last_sign_in_at", "2016-02-22 14:50:50.281781"], ["sign_in_count", 10], ["updated_at", "2016-02-22 14:50:53.741222"]]
  [1m[35m (0.4ms)[0m  COMMIT
Completed 200 OK in 126ms (Views: 1.8ms | ActiveRecord: 2.1ms)


Started POST "/users/sign_in.json" for 127.0.0.1 at 2016-02-22 15:50:55 +0100
Processing by Users::SessionsController#create as JSON
  Parameters: {"user"=>{"email"=>"asd@asd.com", "password"=>"[FILTERED]"}, "session"=>{"user"=>{"email"=>"asd@asd.com", "password"=>"[FILTERED]"}}}
  [1m[36mUser Load (0.7ms)[0m  [1mSELECT  "users".* FROM "users"  WHERE "users"."email" = 'asd@asd.com'  ORDER BY "users"."id" ASC LIMIT 1[0m
  [1m[35m (0.3ms)[0m  BEGIN
  [1m[36mSQL (0.8ms)[0m  [1mUPDATE "users" SET "current_sign_in_at" = $1, "last_sign_in_at" = $2, "sign_in_count" = $3, "updated_at" = $4 WHERE "users"."id" = 2[0m  [["current_sign_in_at", "2016-02-22 14:50:55.593783"], ["last_sign_in_at", "2016-02-22 14:50:53.739707"], ["sign_in_count", 11], ["updated_at", "2016-02-22 14:50:55.595856"]]
  [1m[35m (0.7ms)[0m  COMMIT
Completed 200 OK in 107ms (Views: 0.5ms | ActiveRecord: 2.4ms)


Started POST "/users/sign_in.json" for 127.0.0.1 at 2016-02-22 15:50:57 +0100
Processing by Users::SessionsController#create as JSON
  Parameters: {"user"=>{"email"=>"asd@asd.com", "password"=>"[FILTERED]"}, "session"=>{"user"=>{"email"=>"asd@asd.com", "password"=>"[FILTERED]"}}}
  [1m[36mUser Load (2.2ms)[0m  [1mSELECT  "users".* FROM "users"  WHERE "users"."email" = 'asd@asd.com'  ORDER BY "users"."id" ASC LIMIT 1[0m
  [1m[35m (0.3ms)[0m  BEGIN
  [1m[36mSQL (0.3ms)[0m  [1mUPDATE "users" SET "current_sign_in_at" = $1, "last_sign_in_at" = $2, "sign_in_count" = $3, "updated_at" = $4 WHERE "users"."id" = 2[0m  [["current_sign_in_at", "2016-02-22 14:50:57.125569"], ["last_sign_in_at", "2016-02-22 14:50:55.593783"], ["sign_in_count", 12], ["updated_at", "2016-02-22 14:50:57.126926"]]
  [1m[35m (0.4ms)[0m  COMMIT
Completed 200 OK in 107ms (Views: 0.3ms | ActiveRecord: 3.3ms)


Started POST "/users/sign_in.json" for 127.0.0.1 at 2016-02-22 15:50:58 +0100
Processing by Users::SessionsController#create as JSON
  Parameters: {"user"=>{"email"=>"asd@asd.com", "password"=>"[FILTERED]"}, "session"=>{"user"=>{"email"=>"asd@asd.com", "password"=>"[FILTERED]"}}}
  [1m[36mUser Load (1.0ms)[0m  [1mSELECT  "users".* FROM "users"  WHERE "users"."email" = 'asd@asd.com'  ORDER BY "users"."id" ASC LIMIT 1[0m
  [1m[35m (0.2ms)[0m  BEGIN
  [1m[36mSQL (0.3ms)[0m  [1mUPDATE "users" SET "current_sign_in_at" = $1, "last_sign_in_at" = $2, "sign_in_count" = $3, "updated_at" = $4 WHERE "users"."id" = 2[0m  [["current_sign_in_at", "2016-02-22 14:50:58.676522"], ["last_sign_in_at", "2016-02-22 14:50:57.125569"], ["sign_in_count", 13], ["updated_at", "2016-02-22 14:50:58.677917"]]
  [1m[35m (0.4ms)[0m  COMMIT
Completed 200 OK in 107ms (Views: 0.4ms | ActiveRecord: 1.9ms)


Started POST "/users/sign_in.json" for 127.0.0.1 at 2016-02-22 16:01:26 +0100
Processing by Users::SessionsController#create as JSON
  Parameters: {"user"=>{"email"=>"", "password"=>"[FILTERED]"}, "session"=>{"user"=>{"email"=>"", "password"=>"[FILTERED]"}}}
Completed 401 Unauthorized in 9ms


Started POST "/users/sign_in.json" for 127.0.0.1 at 2016-02-22 16:01:26 +0100
Processing by Users::SessionsController#create as JSON
  Parameters: {"user"=>{"email"=>"", "password"=>"[FILTERED]"}, "session"=>{"user"=>{"email"=>"", "password"=>"[FILTERED]"}}}
Completed 401 Unauthorized in 1ms


Started POST "/users/sign_in.json" for 127.0.0.1 at 2016-02-22 16:01:30 +0100
Processing by Users::SessionsController#create as JSON
  Parameters: {"user"=>{"email"=>"asd@asd.com", "password"=>"[FILTERED]"}, "session"=>{"user"=>{"email"=>"asd@asd.com", "password"=>"[FILTERED]"}}}
  [1m[36mUser Load (18.2ms)[0m  [1mSELECT  "users".* FROM "users"  WHERE "users"."email" = 'asd@asd.com'  ORDER BY "users"."id" ASC LIMIT 1[0m
Completed 401 Unauthorized in 133ms


Started POST "/users/sign_in.json" for 127.0.0.1 at 2016-02-22 16:01:34 +0100
Processing by Users::SessionsController#create as JSON
  Parameters: {"user"=>{"email"=>"asd@asd.com", "password"=>"[FILTERED]"}, "session"=>{"user"=>{"email"=>"asd@asd.com", "password"=>"[FILTERED]"}}}
  [1m[35mUser Load (0.6ms)[0m  SELECT  "users".* FROM "users"  WHERE "users"."email" = 'asd@asd.com'  ORDER BY "users"."id" ASC LIMIT 1
  [1m[36m (2.4ms)[0m  [1mBEGIN[0m
  [1m[35mSQL (10.0ms)[0m  UPDATE "users" SET "current_sign_in_at" = $1, "last_sign_in_at" = $2, "sign_in_count" = $3, "updated_at" = $4 WHERE "users"."id" = 2  [["current_sign_in_at", "2016-02-22 15:01:34.710767"], ["last_sign_in_at", "2016-02-22 14:50:58.676522"], ["sign_in_count", 14], ["updated_at", "2016-02-22 15:01:34.717702"]]
  [1m[36m (1.1ms)[0m  [1mCOMMIT[0m
Completed 200 OK in 175ms (Views: 0.7ms | ActiveRecord: 14.1ms)


Started POST "/users.json" for 127.0.0.1 at 2016-02-22 16:01:39 +0100
Processing by Users::RegistrationsController#create as JSON
  Parameters: {"user"=>{"email"=>"asd", "password"=>"[FILTERED]", "retype_password"=>"[FILTERED]"}, "registration"=>{"user"=>{"email"=>"asd", "password"=>"[FILTERED]", "retype_password"=>"[FILTERED]"}}}
Unpermitted parameters: retype_password
  [1m[35m (0.2ms)[0m  BEGIN
  [1m[36mUser Exists (9.1ms)[0m  [1mSELECT  1 AS one FROM "users"  WHERE "users"."email" = 'asd' LIMIT 1[0m
  [1m[35m (0.2ms)[0m  ROLLBACK
Completed 422 Unprocessable Entity in 124ms (Views: 0.8ms | ActiveRecord: 9.5ms)


Started POST "/users.json" for 127.0.0.1 at 2016-02-22 16:02:08 +0100
Processing by Users::RegistrationsController#create as JSON
  Parameters: {"user"=>{"email"=>"asd", "password"=>"[FILTERED]", "retype_password"=>"[FILTERED]"}, "registration"=>{"user"=>{"email"=>"asd", "password"=>"[FILTERED]", "retype_password"=>"[FILTERED]"}}}
Unpermitted parameters: retype_password
  [1m[36m (0.2ms)[0m  [1mBEGIN[0m
  [1m[35mUser Exists (0.5ms)[0m  SELECT  1 AS one FROM "users"  WHERE "users"."email" = 'asd' LIMIT 1
  [1m[36m (0.2ms)[0m  [1mROLLBACK[0m
Completed 422 Unprocessable Entity in 101ms (Views: 0.4ms | ActiveRecord: 0.8ms)


Started POST "/users.json" for 127.0.0.1 at 2016-02-22 16:02:37 +0100
Processing by Users::RegistrationsController#create as JSON
  Parameters: {"user"=>{"email"=>"asd", "password"=>"[FILTERED]", "retype_password"=>"[FILTERED]"}, "registration"=>{"user"=>{"email"=>"asd", "password"=>"[FILTERED]", "retype_password"=>"[FILTERED]"}}}
Unpermitted parameters: retype_password
  [1m[35m (0.3ms)[0m  BEGIN
  [1m[36mUser Exists (2.0ms)[0m  [1mSELECT  1 AS one FROM "users"  WHERE "users"."email" = 'asd' LIMIT 1[0m
  [1m[35m (0.4ms)[0m  ROLLBACK
Completed 422 Unprocessable Entity in 146ms (Views: 1.5ms | ActiveRecord: 2.6ms)


Started POST "/users.json" for 127.0.0.1 at 2016-02-22 16:03:04 +0100
Processing by Users::RegistrationsController#create as JSON
  Parameters: {"user"=>{"email"=>"asd", "password"=>"[FILTERED]", "retype_password"=>"[FILTERED]"}, "registration"=>{"user"=>{"email"=>"asd", "password"=>"[FILTERED]", "retype_password"=>"[FILTERED]"}}}
Unpermitted parameters: retype_password
  [1m[36m (0.2ms)[0m  [1mBEGIN[0m
  [1m[35mUser Exists (0.5ms)[0m  SELECT  1 AS one FROM "users"  WHERE "users"."email" = 'asd' LIMIT 1
  [1m[36m (0.2ms)[0m  [1mROLLBACK[0m
Completed 422 Unprocessable Entity in 108ms (Views: 1.6ms | ActiveRecord: 0.9ms)


Started POST "/users.json" for 127.0.0.1 at 2016-02-22 16:04:31 +0100
Processing by Users::RegistrationsController#create as JSON
  Parameters: {"user"=>{"email"=>"asd", "password"=>"[FILTERED]", "retype_password"=>"[FILTERED]"}, "registration"=>{"user"=>{"email"=>"asd", "password"=>"[FILTERED]", "retype_password"=>"[FILTERED]"}}}
Unpermitted parameters: retype_password
  [1m[35m (7.5ms)[0m  BEGIN
  [1m[36mUser Exists (60.0ms)[0m  [1mSELECT  1 AS one FROM "users"  WHERE "users"."email" = 'asd' LIMIT 1[0m
  [1m[35m (0.6ms)[0m  ROLLBACK
Completed 422 Unprocessable Entity in 224ms (Views: 9.9ms | ActiveRecord: 68.1ms)


Started POST "/users.json" for 127.0.0.1 at 2016-02-22 16:05:55 +0100
Processing by Users::RegistrationsController#create as JSON
  Parameters: {"user"=>{"email"=>"asd@asd.com", "password"=>"[FILTERED]", "retype_password"=>"[FILTERED]"}, "registration"=>{"user"=>{"email"=>"asd@asd.com", "password"=>"[FILTERED]", "retype_password"=>"[FILTERED]"}}}
Unpermitted parameters: retype_password
  [1m[36m (0.3ms)[0m  [1mBEGIN[0m
  [1m[35mUser Exists (7.3ms)[0m  SELECT  1 AS one FROM "users"  WHERE "users"."email" = 'asd@asd.com' LIMIT 1
  [1m[36m (0.3ms)[0m  [1mROLLBACK[0m
Completed 422 Unprocessable Entity in 147ms (Views: 1.8ms | ActiveRecord: 7.8ms)


Started POST "/users.json" for 127.0.0.1 at 2016-02-22 16:06:26 +0100
Processing by Users::RegistrationsController#create as JSON
  Parameters: {"user"=>{"email"=>"asd", "password"=>"[FILTERED]", "retype_password"=>"[FILTERED]"}, "registration"=>{"user"=>{"email"=>"asd", "password"=>"[FILTERED]", "retype_password"=>"[FILTERED]"}}}
Unpermitted parameters: retype_password
  [1m[35m (0.2ms)[0m  BEGIN
  [1m[36mUser Exists (0.8ms)[0m  [1mSELECT  1 AS one FROM "users"  WHERE "users"."email" = 'asd' LIMIT 1[0m
  [1m[35m (0.3ms)[0m  ROLLBACK
Completed 422 Unprocessable Entity in 129ms (Views: 0.6ms | ActiveRecord: 1.3ms)


Started POST "/users.json" for 127.0.0.1 at 2016-02-22 16:07:51 +0100
Processing by Users::RegistrationsController#create as JSON
  Parameters: {"user"=>{"email"=>"asd", "password"=>"[FILTERED]", "retype_password"=>"[FILTERED]"}, "registration"=>{"user"=>{"email"=>"asd", "password"=>"[FILTERED]", "retype_password"=>"[FILTERED]"}}}
Unpermitted parameters: retype_password
  [1m[36m (0.4ms)[0m  [1mBEGIN[0m
  [1m[35mUser Exists (1.1ms)[0m  SELECT  1 AS one FROM "users"  WHERE "users"."email" = 'asd' LIMIT 1
  [1m[36m (0.3ms)[0m  [1mROLLBACK[0m
Completed 422 Unprocessable Entity in 161ms (Views: 1.1ms | ActiveRecord: 1.8ms)


Started POST "/users.json" for 127.0.0.1 at 2016-02-22 16:07:58 +0100
Processing by Users::RegistrationsController#create as JSON
  Parameters: {"user"=>{"email"=>"1@1.com", "password"=>"[FILTERED]", "retype_password"=>"[FILTERED]"}, "registration"=>{"user"=>{"email"=>"1@1.com", "password"=>"[FILTERED]", "retype_password"=>"[FILTERED]"}}}
Unpermitted parameters: retype_password
  [1m[35m (0.2ms)[0m  BEGIN
  [1m[36mUser Exists (0.7ms)[0m  [1mSELECT  1 AS one FROM "users"  WHERE "users"."email" = '1@1.com' LIMIT 1[0m
  [1m[35m (0.3ms)[0m  ROLLBACK
Completed 422 Unprocessable Entity in 106ms (Views: 1.7ms | ActiveRecord: 1.2ms)


Started POST "/users.json" for 127.0.0.1 at 2016-02-22 16:08:02 +0100
Processing by Users::RegistrationsController#create as JSON
  Parameters: {"user"=>{"email"=>"1@1.com", "password"=>"[FILTERED]", "retype_password"=>"[FILTERED]"}, "registration"=>{"user"=>{"email"=>"1@1.com", "password"=>"[FILTERED]", "retype_password"=>"[FILTERED]"}}}
Unpermitted parameters: retype_password
  [1m[36m (0.2ms)[0m  [1mBEGIN[0m
  [1m[35mUser Exists (0.5ms)[0m  SELECT  1 AS one FROM "users"  WHERE "users"."email" = '1@1.com' LIMIT 1
  [1m[36m (0.2ms)[0m  [1mROLLBACK[0m
Completed 422 Unprocessable Entity in 98ms (Views: 0.3ms | ActiveRecord: 0.8ms)


Started POST "/users.json" for 127.0.0.1 at 2016-02-22 16:08:05 +0100
Processing by Users::RegistrationsController#create as JSON
  Parameters: {"user"=>{"email"=>"1@1.com", "password"=>"[FILTERED]", "retype_password"=>"[FILTERED]"}, "registration"=>{"user"=>{"email"=>"1@1.com", "password"=>"[FILTERED]", "retype_password"=>"[FILTERED]"}}}
Unpermitted parameters: retype_password
  [1m[35m (0.2ms)[0m  BEGIN
  [1m[36mUser Exists (0.5ms)[0m  [1mSELECT  1 AS one FROM "users"  WHERE "users"."email" = '1@1.com' LIMIT 1[0m
  [1m[35mSQL (17.2ms)[0m  INSERT INTO "users" ("created_at", "email", "encrypted_password", "updated_at") VALUES ($1, $2, $3, $4) RETURNING "id"  [["created_at", "2016-02-22 15:08:06.013002"], ["email", "1@1.com"], ["encrypted_password", "$2a$10$maDwyzmBgMo.wWDT6oWae.D01HdUYjrQ9I/zJasRv6GGLdK40u7RG"], ["updated_at", "2016-02-22 15:08:06.013002"]]
  [1m[36m (0.9ms)[0m  [1mCOMMIT[0m
  [1m[35m (0.2ms)[0m  BEGIN
  [1m[36mSQL (3.5ms)[0m  [1mUPDATE "users" SET "current_sign_in_at" = $1, "current_sign_in_ip" = $2, "last_sign_in_at" = $3, "last_sign_in_ip" = $4, "sign_in_count" = $5, "updated_at" = $6 WHERE "users"."id" = 3[0m  [["current_sign_in_at", "2016-02-22 15:08:06.036035"], ["current_sign_in_ip", "127.0.0.1/32"], ["last_sign_in_at", "2016-02-22 15:08:06.036035"], ["last_sign_in_ip", "127.0.0.1/32"], ["sign_in_count", 1], ["updated_at", "2016-02-22 15:08:06.037492"]]
  [1m[35m (0.4ms)[0m  COMMIT
Completed 201 Created in 147ms (Views: 0.4ms | ActiveRecord: 22.8ms)


Started POST "/users/sign_in.json" for 127.0.0.1 at 2016-02-22 16:08:17 +0100
Processing by Users::SessionsController#create as JSON
  Parameters: {"user"=>{"email"=>"1@1.com", "password"=>"[FILTERED]"}, "session"=>{"user"=>{"email"=>"1@1.com", "password"=>"[FILTERED]"}}}
  [1m[36mUser Load (6.6ms)[0m  [1mSELECT  "users".* FROM "users"  WHERE "users"."email" = '1@1.com'  ORDER BY "users"."id" ASC LIMIT 1[0m
Completed 401 Unauthorized in 118ms


Started POST "/users/sign_in.json" for 127.0.0.1 at 2016-02-22 16:08:49 +0100
Processing by Users::SessionsController#create as JSON
  Parameters: {"user"=>{"email"=>"a", "password"=>"[FILTERED]"}, "session"=>{"user"=>{"email"=>"a", "password"=>"[FILTERED]"}}}
Completed 401 Unauthorized in 1ms


Started POST "/users/sign_in.json" for 127.0.0.1 at 2016-02-22 16:08:52 +0100
Processing by Users::SessionsController#create as JSON
  Parameters: {"user"=>{"email"=>"asd", "password"=>"[FILTERED]"}, "session"=>{"user"=>{"email"=>"asd", "password"=>"[FILTERED]"}}}
  [1m[35mUser Load (1.9ms)[0m  SELECT  "users".* FROM "users"  WHERE "users"."email" = 'asd'  ORDER BY "users"."id" ASC LIMIT 1
Completed 401 Unauthorized in 4ms


Started POST "/users/sign_in.json" for 127.0.0.1 at 2016-02-22 16:09:50 +0100
Processing by Users::SessionsController#create as JSON
  Parameters: {"user"=>{"email"=>"asd", "password"=>"[FILTERED]"}, "session"=>{"user"=>{"email"=>"asd", "password"=>"[FILTERED]"}}}
  [1m[36mUser Load (7.5ms)[0m  [1mSELECT  "users".* FROM "users"  WHERE "users"."email" = 'asd'  ORDER BY "users"."id" ASC LIMIT 1[0m
Completed 401 Unauthorized in 24ms


Started POST "/users/sign_in.json" for 127.0.0.1 at 2016-02-22 16:09:58 +0100
Processing by Users::SessionsController#create as JSON
  Parameters: {"user"=>{"email"=>"asd@asd.com", "password"=>"[FILTERED]"}, "session"=>{"user"=>{"email"=>"asd@asd.com", "password"=>"[FILTERED]"}}}
  [1m[35mUser Load (5.8ms)[0m  SELECT  "users".* FROM "users"  WHERE "users"."email" = 'asd@asd.com'  ORDER BY "users"."id" ASC LIMIT 1
  [1m[36m (0.2ms)[0m  [1mBEGIN[0m
  [1m[35mSQL (6.2ms)[0m  UPDATE "users" SET "current_sign_in_at" = $1, "last_sign_in_at" = $2, "sign_in_count" = $3, "updated_at" = $4 WHERE "users"."id" = 2  [["current_sign_in_at", "2016-02-22 15:09:58.131117"], ["last_sign_in_at", "2016-02-22 15:01:34.710767"], ["sign_in_count", 15], ["updated_at", "2016-02-22 15:09:58.135852"]]
  [1m[36m (0.5ms)[0m  [1mCOMMIT[0m
Completed 200 OK in 139ms (Views: 1.3ms | ActiveRecord: 12.7ms)
